<?xml version="1.0" encoding="UTF-8"?>
<testsuite xmlns:xsi="http://www.w3.org/2001/XMLSchema-instance" xsi:noNamespaceSchemaLocation="https://maven.apache.org/surefire/maven-surefire-plugin/xsd/surefire-test-report-3.0.xsd" version="3.0" name="game.board.StandardBoard.MultiJumpRuleSetTest" time="0.098" tests="2" errors="0" skipped="0" failures="0">
  <properties>
    <property name="java.specification.version" value="21"/>
    <property name="sun.jnu.encoding" value="UTF-8"/>
    <property name="java.class.path" value="/media/harpun/Nowy/ChineseCheckers/target/test-classes:/media/harpun/Nowy/ChineseCheckers/target/classes:/home/harpun/.m2/repository/org/openjfx/javafx-controls/21/javafx-controls-21.jar:/home/harpun/.m2/repository/org/openjfx/javafx-controls/21/javafx-controls-21-linux.jar:/home/harpun/.m2/repository/org/openjfx/javafx-graphics/21/javafx-graphics-21.jar:/home/harpun/.m2/repository/org/openjfx/javafx-graphics/21/javafx-graphics-21-linux.jar:/home/harpun/.m2/repository/org/openjfx/javafx-base/21/javafx-base-21.jar:/home/harpun/.m2/repository/org/openjfx/javafx-base/21/javafx-base-21-linux.jar:/home/harpun/.m2/repository/org/openjfx/javafx-fxml/21/javafx-fxml-21.jar:/home/harpun/.m2/repository/org/openjfx/javafx-fxml/21/javafx-fxml-21-linux.jar:/home/harpun/.m2/repository/com/google/code/gson/gson/2.8.8/gson-2.8.8.jar:/home/harpun/.m2/repository/org/junit/jupiter/junit-jupiter-api/5.8.1/junit-jupiter-api-5.8.1.jar:/home/harpun/.m2/repository/org/opentest4j/opentest4j/1.2.0/opentest4j-1.2.0.jar:/home/harpun/.m2/repository/org/junit/platform/junit-platform-commons/1.8.1/junit-platform-commons-1.8.1.jar:/home/harpun/.m2/repository/org/apiguardian/apiguardian-api/1.1.2/apiguardian-api-1.1.2.jar:"/>
    <property name="java.vm.vendor" value="Oracle Corporation"/>
    <property name="sun.arch.data.model" value="64"/>
    <property name="java.vendor.url" value="https://java.oracle.com/"/>
    <property name="user.timezone" value="Europe/Warsaw"/>
    <property name="os.name" value="Linux"/>
    <property name="java.vm.specification.version" value="21"/>
    <property name="sun.java.launcher" value="SUN_STANDARD"/>
    <property name="user.country" value="US"/>
    <property name="sun.boot.library.path" value="/usr/lib/jvm/jdk-21.0.5-oracle-x64/lib"/>
    <property name="sun.java.command" value="/media/harpun/Nowy/ChineseCheckers/target/surefire/surefirebooter-20250118223432715_3.jar /media/harpun/Nowy/ChineseCheckers/target/surefire 2025-01-18T22-34-32_652-jvmRun1 surefire-20250118223432715_1tmp surefire_0-20250118223432715_2tmp"/>
    <property name="jdk.debug" value="release"/>
    <property name="surefire.test.class.path" value="/media/harpun/Nowy/ChineseCheckers/target/test-classes:/media/harpun/Nowy/ChineseCheckers/target/classes:/home/harpun/.m2/repository/org/openjfx/javafx-controls/21/javafx-controls-21.jar:/home/harpun/.m2/repository/org/openjfx/javafx-controls/21/javafx-controls-21-linux.jar:/home/harpun/.m2/repository/org/openjfx/javafx-graphics/21/javafx-graphics-21.jar:/home/harpun/.m2/repository/org/openjfx/javafx-graphics/21/javafx-graphics-21-linux.jar:/home/harpun/.m2/repository/org/openjfx/javafx-base/21/javafx-base-21.jar:/home/harpun/.m2/repository/org/openjfx/javafx-base/21/javafx-base-21-linux.jar:/home/harpun/.m2/repository/org/openjfx/javafx-fxml/21/javafx-fxml-21.jar:/home/harpun/.m2/repository/org/openjfx/javafx-fxml/21/javafx-fxml-21-linux.jar:/home/harpun/.m2/repository/com/google/code/gson/gson/2.8.8/gson-2.8.8.jar:/home/harpun/.m2/repository/org/junit/jupiter/junit-jupiter-api/5.8.1/junit-jupiter-api-5.8.1.jar:/home/harpun/.m2/repository/org/opentest4j/opentest4j/1.2.0/opentest4j-1.2.0.jar:/home/harpun/.m2/repository/org/junit/platform/junit-platform-commons/1.8.1/junit-platform-commons-1.8.1.jar:/home/harpun/.m2/repository/org/apiguardian/apiguardian-api/1.1.2/apiguardian-api-1.1.2.jar:"/>
    <property name="sun.cpu.endian" value="little"/>
    <property name="user.home" value="/home/harpun"/>
    <property name="user.language" value="en"/>
    <property name="java.specification.vendor" value="Oracle Corporation"/>
    <property name="java.version.date" value="2024-10-15"/>
    <property name="java.home" value="/usr/lib/jvm/jdk-21.0.5-oracle-x64"/>
    <property name="file.separator" value="/"/>
    <property name="basedir" value="/media/harpun/Nowy/ChineseCheckers"/>
    <property name="java.vm.compressedOopsMode" value="Zero based"/>
    <property name="line.separator" value="&#10;"/>
    <property name="java.specification.name" value="Java Platform API Specification"/>
    <property name="java.vm.specification.vendor" value="Oracle Corporation"/>
    <property name="surefire.real.class.path" value="/media/harpun/Nowy/ChineseCheckers/target/surefire/surefirebooter-20250118223432715_3.jar"/>
    <property name="sun.management.compiler" value="HotSpot 64-Bit Tiered Compilers"/>
    <property name="java.runtime.version" value="21.0.5+9-LTS-239"/>
    <property name="user.name" value="harpun"/>
    <property name="stdout.encoding" value="UTF-8"/>
    <property name="path.separator" value=":"/>
    <property name="os.version" value="6.8.0-51-generic"/>
    <property name="java.runtime.name" value="Java(TM) SE Runtime Environment"/>
    <property name="file.encoding" value="UTF-8"/>
    <property name="java.vm.name" value="Java HotSpot(TM) 64-Bit Server VM"/>
    <property name="localRepository" value="/home/harpun/.m2/repository"/>
    <property name="java.vendor.url.bug" value="https://bugreport.java.com/bugreport/"/>
    <property name="java.io.tmpdir" value="/tmp"/>
    <property name="java.version" value="21.0.5"/>
    <property name="user.dir" value="/media/harpun/Nowy/ChineseCheckers"/>
    <property name="os.arch" value="amd64"/>
    <property name="java.vm.specification.name" value="Java Virtual Machine Specification"/>
    <property name="native.encoding" value="UTF-8"/>
    <property name="java.library.path" value="/usr/java/packages/lib:/usr/lib64:/lib64:/lib:/usr/lib"/>
    <property name="java.vm.info" value="mixed mode, sharing"/>
    <property name="stderr.encoding" value="UTF-8"/>
    <property name="java.vendor" value="Oracle Corporation"/>
    <property name="java.vm.version" value="21.0.5+9-LTS-239"/>
    <property name="sun.io.unicode.encoding" value="UnicodeLittle"/>
    <property name="java.class.version" value="65.0"/>
  </properties>
  <testcase name="testValidMultiJump" classname="game.board.StandardBoard.MultiJumpRuleSetTest" time="0.078">
    <system-err><![CDATA[Jan 18, 2025 10:34:33 PM rules.MultiJumpRuleSet canReachWithMultiJump
INFO: Visiting: java.awt.Point[x=12,y=12]
Jan 18, 2025 10:34:33 PM rules.MultiJumpRuleSet canReachWithMultiJump
INFO: Jumping from java.awt.Point[x=13,y=11] to java.awt.Point[x=12,y=10]
Jan 18, 2025 10:34:33 PM rules.MultiJumpRuleSet canReachWithMultiJump
INFO: Visiting: java.awt.Point[x=12,y=10]
Jan 18, 2025 10:34:33 PM rules.MultiJumpRuleSet canReachWithMultiJump
INFO: Jumping from java.awt.Point[x=13,y=11] to java.awt.Point[x=14,y=10]
Jan 18, 2025 10:34:33 PM rules.MultiJumpRuleSet canReachWithMultiJump
INFO: Visiting: java.awt.Point[x=14,y=10]
Jan 18, 2025 10:34:33 PM rules.MultiJumpRuleSet canReachWithMultiJump
INFO: Jumping from java.awt.Point[x=13,y=11] to java.awt.Point[x=11,y=11]
Jan 18, 2025 10:34:33 PM rules.MultiJumpRuleSet canReachWithMultiJump
INFO: Visiting: java.awt.Point[x=11,y=11]
Jan 18, 2025 10:34:33 PM rules.MultiJumpRuleSet canReachWithMultiJump
INFO: Jumping from java.awt.Point[x=10,y=12] to java.awt.Point[x=9,y=11]
Jan 18, 2025 10:34:33 PM rules.MultiJumpRuleSet canReachWithMultiJump
INFO: Visiting: java.awt.Point[x=9,y=11]
Jan 18, 2025 10:34:33 PM rules.MultiJumpRuleSet canReachWithMultiJump
INFO: Jumping from java.awt.Point[x=8,y=12] to java.awt.Point[x=7,y=11]
Jan 18, 2025 10:34:33 PM rules.MultiJumpRuleSet canReachWithMultiJump
INFO: Visiting: java.awt.Point[x=7,y=11]
Jan 18, 2025 10:34:33 PM rules.MultiJumpRuleSet canReachWithMultiJump
INFO: Jumping from java.awt.Point[x=8,y=12] to java.awt.Point[x=6,y=12]
Jan 18, 2025 10:34:33 PM rules.MultiJumpRuleSet canReachWithMultiJump
INFO: Visiting: java.awt.Point[x=6,y=12]
Jan 18, 2025 10:34:33 PM rules.MultiJumpRuleSet canReachWithMultiJump
INFO: Jumping from java.awt.Point[x=8,y=12] to java.awt.Point[x=6,y=12]
Jan 18, 2025 10:34:33 PM rules.MultiJumpRuleSet canReachWithMultiJump
INFO: Visiting: java.awt.Point[x=6,y=12]
Jan 18, 2025 10:34:33 PM rules.MultiJumpRuleSet canReachWithMultiJump
INFO: Jumping from java.awt.Point[x=8,y=12] to java.awt.Point[x=7,y=11]
Jan 18, 2025 10:34:33 PM rules.MultiJumpRuleSet canReachWithMultiJump
INFO: Visiting: java.awt.Point[x=7,y=11]
Jan 18, 2025 10:34:33 PM rules.MultiJumpRuleSet canReachWithMultiJump
INFO: Jumping from java.awt.Point[x=13,y=11] to java.awt.Point[x=15,y=11]
Jan 18, 2025 10:34:33 PM rules.MultiJumpRuleSet canReachWithMultiJump
INFO: Visiting: java.awt.Point[x=15,y=11]
Jan 18, 2025 10:34:33 PM rules.MultiJumpRuleSet canReachWithMultiJump
INFO: Jumping from java.awt.Point[x=16,y=12] to java.awt.Point[x=17,y=11]
Jan 18, 2025 10:34:33 PM rules.MultiJumpRuleSet canReachWithMultiJump
INFO: Visiting: java.awt.Point[x=17,y=11]
Jan 18, 2025 10:34:33 PM rules.MultiJumpRuleSet canReachWithMultiJump
INFO: Jumping from java.awt.Point[x=16,y=12] to java.awt.Point[x=18,y=12]
Jan 18, 2025 10:34:33 PM rules.MultiJumpRuleSet canReachWithMultiJump
INFO: Visiting: java.awt.Point[x=18,y=12]
Jan 18, 2025 10:34:33 PM rules.MultiJumpRuleSet canReachWithMultiJump
INFO: Jumping from java.awt.Point[x=16,y=12] to java.awt.Point[x=18,y=12]
Jan 18, 2025 10:34:33 PM rules.MultiJumpRuleSet canReachWithMultiJump
INFO: Visiting: java.awt.Point[x=18,y=12]
Jan 18, 2025 10:34:33 PM rules.MultiJumpRuleSet canReachWithMultiJump
INFO: Jumping from java.awt.Point[x=16,y=12] to java.awt.Point[x=17,y=11]
Jan 18, 2025 10:34:33 PM rules.MultiJumpRuleSet canReachWithMultiJump
INFO: Visiting: java.awt.Point[x=17,y=11]
Jan 18, 2025 10:34:33 PM rules.MultiJumpRuleSet canReachWithMultiJump
INFO: Jumping from java.awt.Point[x=13,y=11] to java.awt.Point[x=15,y=11]
Jan 18, 2025 10:34:33 PM rules.MultiJumpRuleSet canReachWithMultiJump
INFO: Visiting: java.awt.Point[x=15,y=11]
Jan 18, 2025 10:34:33 PM rules.MultiJumpRuleSet canReachWithMultiJump
INFO: Jumping from java.awt.Point[x=16,y=12] to java.awt.Point[x=17,y=11]
Jan 18, 2025 10:34:33 PM rules.MultiJumpRuleSet canReachWithMultiJump
INFO: Visiting: java.awt.Point[x=17,y=11]
Jan 18, 2025 10:34:33 PM rules.MultiJumpRuleSet canReachWithMultiJump
INFO: Jumping from java.awt.Point[x=16,y=12] to java.awt.Point[x=18,y=12]
Jan 18, 2025 10:34:33 PM rules.MultiJumpRuleSet canReachWithMultiJump
INFO: Visiting: java.awt.Point[x=18,y=12]
Jan 18, 2025 10:34:33 PM rules.MultiJumpRuleSet canReachWithMultiJump
INFO: Jumping from java.awt.Point[x=16,y=12] to java.awt.Point[x=18,y=12]
Jan 18, 2025 10:34:33 PM rules.MultiJumpRuleSet canReachWithMultiJump
INFO: Visiting: java.awt.Point[x=18,y=12]
Jan 18, 2025 10:34:33 PM rules.MultiJumpRuleSet canReachWithMultiJump
INFO: Jumping from java.awt.Point[x=16,y=12] to java.awt.Point[x=17,y=11]
Jan 18, 2025 10:34:33 PM rules.MultiJumpRuleSet canReachWithMultiJump
INFO: Visiting: java.awt.Point[x=17,y=11]
Jan 18, 2025 10:34:33 PM rules.MultiJumpRuleSet canReachWithMultiJump
INFO: Jumping from java.awt.Point[x=13,y=11] to java.awt.Point[x=11,y=11]
Jan 18, 2025 10:34:33 PM rules.MultiJumpRuleSet canReachWithMultiJump
INFO: Visiting: java.awt.Point[x=11,y=11]
Jan 18, 2025 10:34:33 PM rules.MultiJumpRuleSet canReachWithMultiJump
INFO: Jumping from java.awt.Point[x=10,y=12] to java.awt.Point[x=9,y=11]
Jan 18, 2025 10:34:33 PM rules.MultiJumpRuleSet canReachWithMultiJump
INFO: Visiting: java.awt.Point[x=9,y=11]
Jan 18, 2025 10:34:33 PM rules.MultiJumpRuleSet canReachWithMultiJump
INFO: Jumping from java.awt.Point[x=8,y=12] to java.awt.Point[x=7,y=11]
Jan 18, 2025 10:34:33 PM rules.MultiJumpRuleSet canReachWithMultiJump
INFO: Visiting: java.awt.Point[x=7,y=11]
Jan 18, 2025 10:34:33 PM rules.MultiJumpRuleSet canReachWithMultiJump
INFO: Jumping from java.awt.Point[x=8,y=12] to java.awt.Point[x=6,y=12]
Jan 18, 2025 10:34:33 PM rules.MultiJumpRuleSet canReachWithMultiJump
INFO: Visiting: java.awt.Point[x=6,y=12]
Jan 18, 2025 10:34:33 PM rules.MultiJumpRuleSet canReachWithMultiJump
INFO: Jumping from java.awt.Point[x=8,y=12] to java.awt.Point[x=6,y=12]
Jan 18, 2025 10:34:33 PM rules.MultiJumpRuleSet canReachWithMultiJump
INFO: Visiting: java.awt.Point[x=6,y=12]
Jan 18, 2025 10:34:33 PM rules.MultiJumpRuleSet canReachWithMultiJump
INFO: Jumping from java.awt.Point[x=8,y=12] to java.awt.Point[x=7,y=11]
Jan 18, 2025 10:34:33 PM rules.MultiJumpRuleSet canReachWithMultiJump
INFO: Visiting: java.awt.Point[x=7,y=11]
Jan 18, 2025 10:34:33 PM rules.MultiJumpRuleSet canReachWithMultiJump
INFO: Jumping from java.awt.Point[x=15,y=9] to java.awt.Point[x=14,y=8]
Jan 18, 2025 10:34:33 PM rules.MultiJumpRuleSet canReachWithMultiJump
INFO: Visiting: java.awt.Point[x=14,y=8]
Jan 18, 2025 10:34:33 PM rules.MultiJumpRuleSet canReachWithMultiJump
INFO: Jumping from java.awt.Point[x=15,y=9] to java.awt.Point[x=16,y=8]
Jan 18, 2025 10:34:33 PM rules.MultiJumpRuleSet canReachWithMultiJump
INFO: Reached end via jump: java.awt.Point[x=16,y=8]
]]></system-err>
  </testcase>
  <testcase name="testInvalidMultiJump" classname="game.board.StandardBoard.MultiJumpRuleSetTest" time="0.002"/>
</testsuite>